<?xml version="1.0" encoding="utf-8" standalone="yes"?><Layout layout="test" modulePackage="com.example.customitemshop" filePath="app\src\main\res\layout\test.xml" directory="layout" isMerge="false" isBindingData="false" rootNodeType="android.widget.RelativeLayout"><Targets><Target tag="layout/test_0" view="RelativeLayout"><Expressions/><location startLine="1" startOffset="0" endLine="33" endOffset="16"/></Target><Target id="@+id/textView1" view="TextView"><Expressions/><location startLine="7" startOffset="4" endLine="13" endOffset="30"/></Target><Target id="@+id/textView2" view="TextView"><Expressions/><location startLine="14" startOffset="4" endLine="21" endOffset="30"/></Target><Target id="@+id/button1" view="Button"><Expressions/><location startLine="22" startOffset="4" endLine="29" endOffset="28"/></Target></Targets></Layout>